[11Aug2024 07:21:52.592] [Server thread/INFO] [net.minecraft.world.entity.LivingEntity/]: Named entity WanderingTrader['Kirsten'/314645, l='ServerLevel[world]', x=-746.30, y=67.00, z=-1010.21] died: Kirsten was shot by Pillager
[11Aug2024 07:28:54.865] [Modding Legacy/blue_skies/Supporters thread/INFO] [ModdingLegacy/blue_skies/Supporter/]: Attempting to load the Modding Legacy supporters list from https://moddinglegacy.com/supporters-changelogs/supporters.txt
[11Aug2024 07:28:55.362] [Modding Legacy/blue_skies/Supporters thread/INFO] [ModdingLegacy/blue_skies/Supporter/]: Successfully loaded the Modding Legacy supporters list.
[11Aug2024 09:05:06.734] [Server thread/WARN] [net.minecraft.server.MinecraftServer/]: Can't keep up! Is the server overloaded? Running 14804ms or 296 ticks behind
[11Aug2024 11:37:29.675] [Server thread/WARN] [net.minecraft.server.MinecraftServer/]: Can't keep up! Is the server overloaded? Running 14794ms or 295 ticks behind
[11Aug2024 11:52:40.013] [Server thread/WARN] [net.minecraft.server.MinecraftServer/]: Can't keep up! Is the server overloaded? Running 14883ms or 297 ticks behind
[11Aug2024 11:57:15.660] [Server thread/WARN] [net.minecraft.server.MinecraftServer/]: Can't keep up! Is the server overloaded? Running 14829ms or 296 ticks behind
[11Aug2024 12:01:30.722] [Server thread/WARN] [net.minecraft.server.MinecraftServer/]: Can't keep up! Is the server overloaded? Running 14792ms or 295 ticks behind
[11Aug2024 12:05:43.283] [Server thread/WARN] [net.minecraft.server.MinecraftServer/]: Can't keep up! Is the server overloaded? Running 14902ms or 298 ticks behind
[11Aug2024 12:06:35.825] [Server thread/WARN] [net.minecraft.server.MinecraftServer/]: Can't keep up! Is the server overloaded? Running 37545ms or 750 ticks behind
[11Aug2024 12:07:27.073] [Server thread/WARN] [net.minecraft.server.MinecraftServer/]: Can't keep up! Is the server overloaded? Running 36293ms or 725 ticks behind
[11Aug2024 12:08:17.834] [Server thread/WARN] [net.minecraft.server.MinecraftServer/]: Can't keep up! Is the server overloaded? Running 35803ms or 716 ticks behind
[11Aug2024 12:09:23.114] [Server thread/WARN] [net.minecraft.server.MinecraftServer/]: Can't keep up! Is the server overloaded? Running 50284ms or 1005 ticks behind
[11Aug2024 12:10:15.634] [Server thread/WARN] [net.minecraft.server.MinecraftServer/]: Can't keep up! Is the server overloaded? Running 37554ms or 751 ticks behind
[11Aug2024 12:11:06.720] [Server thread/WARN] [net.minecraft.server.MinecraftServer/]: Can't keep up! Is the server overloaded? Running 36090ms or 721 ticks behind
[11Aug2024 12:11:57.460] [Server thread/WARN] [net.minecraft.server.MinecraftServer/]: Can't keep up! Is the server overloaded? Running 35779ms or 715 ticks behind
[11Aug2024 12:13:02.127] [Server thread/WARN] [net.minecraft.server.MinecraftServer/]: Can't keep up! Is the server overloaded? Running 49697ms or 993 ticks behind
[11Aug2024 12:13:53.852] [Server thread/WARN] [net.minecraft.server.MinecraftServer/]: Can't keep up! Is the server overloaded? Running 36772ms or 735 ticks behind
[11Aug2024 12:14:45.007] [Server thread/WARN] [net.minecraft.server.MinecraftServer/]: Can't keep up! Is the server overloaded? Running 36177ms or 723 ticks behind
[11Aug2024 12:15:50.106] [Server thread/WARN] [net.minecraft.server.MinecraftServer/]: Can't keep up! Is the server overloaded? Running 50126ms or 1002 ticks behind
[11Aug2024 12:16:42.102] [Server thread/WARN] [net.minecraft.server.MinecraftServer/]: Can't keep up! Is the server overloaded? Running 37023ms or 740 ticks behind
[11Aug2024 12:17:33.507] [Server thread/WARN] [net.minecraft.server.MinecraftServer/]: Can't keep up! Is the server overloaded? Running 36427ms or 728 ticks behind
[11Aug2024 12:18:24.001] [Server thread/WARN] [net.minecraft.server.MinecraftServer/]: Can't keep up! Is the server overloaded? Running 35521ms or 710 ticks behind
[11Aug2024 12:19:28.177] [Server thread/WARN] [net.minecraft.server.MinecraftServer/]: Can't keep up! Is the server overloaded? Running 49196ms or 983 ticks behind
[11Aug2024 12:20:20.206] [Server thread/WARN] [net.minecraft.server.MinecraftServer/]: Can't keep up! Is the server overloaded? Running 37076ms or 741 ticks behind
[11Aug2024 12:21:10.966] [Server thread/WARN] [net.minecraft.server.MinecraftServer/]: Can't keep up! Is the server overloaded? Running 35787ms or 715 ticks behind
[11Aug2024 12:22:14.888] [Server thread/WARN] [net.minecraft.server.MinecraftServer/]: Can't keep up! Is the server overloaded? Running 48958ms or 979 ticks behind
[11Aug2024 12:23:07.300] [Server thread/WARN] [net.minecraft.server.MinecraftServer/]: Can't keep up! Is the server overloaded? Running 37418ms or 748 ticks behind
[11Aug2024 12:23:58.282] [Server thread/WARN] [net.minecraft.server.MinecraftServer/]: Can't keep up! Is the server overloaded? Running 36003ms or 720 ticks behind
[11Aug2024 12:25:03.266] [Server thread/WARN] [net.minecraft.server.MinecraftServer/]: Can't keep up! Is the server overloaded? Running 49985ms or 999 ticks behind
[11Aug2024 12:25:54.649] [Server thread/WARN] [net.minecraft.server.MinecraftServer/]: Can't keep up! Is the server overloaded? Running 36419ms or 728 ticks behind
[11Aug2024 12:27:00.194] [Server thread/WARN] [net.minecraft.server.MinecraftServer/]: Can't keep up! Is the server overloaded? Running 50562ms or 1011 ticks behind
[11Aug2024 12:27:53.771] [Server thread/WARN] [net.minecraft.server.MinecraftServer/]: Can't keep up! Is the server overloaded? Running 38591ms or 771 ticks behind
[11Aug2024 12:28:59.687] [Server thread/WARN] [net.minecraft.server.MinecraftServer/]: Can't keep up! Is the server overloaded? Running 50956ms or 1019 ticks behind
[11Aug2024 12:29:51.828] [Server thread/WARN] [net.minecraft.server.MinecraftServer/]: Can't keep up! Is the server overloaded? Running 37149ms or 742 ticks behind
[11Aug2024 12:30:42.642] [Server thread/WARN] [net.minecraft.server.MinecraftServer/]: Can't keep up! Is the server overloaded? Running 35861ms or 717 ticks behind
[11Aug2024 12:31:47.247] [Server thread/WARN] [net.minecraft.server.MinecraftServer/]: Can't keep up! Is the server overloaded? Running 49617ms or 992 ticks behind
[11Aug2024 12:32:38.862] [Server thread/WARN] [net.minecraft.server.MinecraftServer/]: Can't keep up! Is the server overloaded? Running 36632ms or 732 ticks behind
[11Aug2024 12:33:44.047] [Server thread/WARN] [net.minecraft.server.MinecraftServer/]: Can't keep up! Is the server overloaded? Running 50217ms or 1004 ticks behind
[11Aug2024 12:34:37.124] [Server thread/WARN] [net.minecraft.server.MinecraftServer/]: Can't keep up! Is the server overloaded? Running 38093ms or 761 ticks behind
[11Aug2024 12:35:42.819] [Server thread/WARN] [net.minecraft.server.MinecraftServer/]: Can't keep up! Is the server overloaded? Running 50740ms or 1014 ticks behind
[11Aug2024 12:36:33.992] [Server thread/WARN] [net.minecraft.server.MinecraftServer/]: Can't keep up! Is the server overloaded? Running 36212ms or 724 ticks behind
[11Aug2024 12:37:38.637] [Server thread/WARN] [net.minecraft.server.MinecraftServer/]: Can't keep up! Is the server overloaded? Running 49655ms or 993 ticks behind
[11Aug2024 12:38:31.153] [Server thread/WARN] [net.minecraft.server.MinecraftServer/]: Can't keep up! Is the server overloaded? Running 37522ms or 750 ticks behind
[11Aug2024 12:39:22.153] [Server thread/WARN] [net.minecraft.server.MinecraftServer/]: Can't keep up! Is the server overloaded? Running 36023ms or 720 ticks behind
[11Aug2024 12:40:27.151] [Server thread/WARN] [net.minecraft.server.MinecraftServer/]: Can't keep up! Is the server overloaded? Running 50020ms or 1000 ticks behind
[11Aug2024 12:41:18.876] [Server thread/WARN] [net.minecraft.server.MinecraftServer/]: Can't keep up! Is the server overloaded? Running 36746ms or 734 ticks behind
[11Aug2024 12:42:09.803] [Server thread/WARN] [net.minecraft.server.MinecraftServer/]: Can't keep up! Is the server overloaded? Running 35971ms or 719 ticks behind
[11Aug2024 12:43:14.523] [Server thread/WARN] [net.minecraft.server.MinecraftServer/]: Can't keep up! Is the server overloaded? Running 49744ms or 994 ticks behind
[11Aug2024 12:44:05.702] [Server thread/WARN] [net.minecraft.server.MinecraftServer/]: Can't keep up! Is the server overloaded? Running 36222ms or 724 ticks behind
[11Aug2024 12:45:10.961] [Server thread/WARN] [net.minecraft.server.MinecraftServer/]: Can't keep up! Is the server overloaded? Running 50280ms or 1005 ticks behind
[11Aug2024 12:46:03.187] [Server thread/WARN] [net.minecraft.server.MinecraftServer/]: Can't keep up! Is the server overloaded? Running 37257ms or 745 ticks behind
[11Aug2024 12:47:08.677] [Server thread/WARN] [net.minecraft.server.MinecraftServer/]: Can't keep up! Is the server overloaded? Running 50497ms or 1009 ticks behind
[11Aug2024 12:48:00.304] [Server thread/WARN] [net.minecraft.server.MinecraftServer/]: Can't keep up! Is the server overloaded? Running 36674ms or 733 ticks behind
[11Aug2024 12:49:05.938] [Server thread/WARN] [net.minecraft.server.MinecraftServer/]: Can't keep up! Is the server overloaded? Running 50657ms or 1013 ticks behind
[11Aug2024 12:49:57.309] [Server thread/WARN] [net.minecraft.server.MinecraftServer/]: Can't keep up! Is the server overloaded? Running 36379ms or 727 ticks behind
[11Aug2024 12:51:02.535] [Server thread/WARN] [net.minecraft.server.MinecraftServer/]: Can't keep up! Is the server overloaded? Running 50256ms or 1005 ticks behind
[11Aug2024 12:51:54.499] [Server thread/WARN] [net.minecraft.server.MinecraftServer/]: Can't keep up! Is the server overloaded? Running 36969ms or 739 ticks behind
[11Aug2024 12:52:59.944] [Server thread/WARN] [net.minecraft.server.MinecraftServer/]: Can't keep up! Is the server overloaded? Running 50463ms or 1009 ticks behind
[11Aug2024 12:53:51.644] [Server thread/WARN] [net.minecraft.server.MinecraftServer/]: Can't keep up! Is the server overloaded? Running 36714ms or 734 ticks behind
[11Aug2024 12:54:42.352] [Server thread/WARN] [net.minecraft.server.MinecraftServer/]: Can't keep up! Is the server overloaded? Running 35722ms or 714 ticks behind
[11Aug2024 12:55:46.544] [Server thread/WARN] [net.minecraft.server.MinecraftServer/]: Can't keep up! Is the server overloaded? Running 49214ms or 984 ticks behind
[11Aug2024 12:56:38.434] [Server thread/WARN] [net.minecraft.server.MinecraftServer/]: Can't keep up! Is the server overloaded? Running 36903ms or 738 ticks behind
[11Aug2024 12:57:43.255] [Server thread/WARN] [net.minecraft.server.MinecraftServer/]: Can't keep up! Is the server overloaded? Running 49825ms or 996 ticks behind
[11Aug2024 12:58:48.800] [Server thread/WARN] [net.minecraft.server.MinecraftServer/]: Can't keep up! Is the server overloaded? Running 50570ms or 1011 ticks behind
[11Aug2024 12:59:41.023] [Server thread/WARN] [net.minecraft.server.MinecraftServer/]: Can't keep up! Is the server overloaded? Running 37241ms or 744 ticks behind
[11Aug2024 13:00:46.880] [Server thread/WARN] [net.minecraft.server.MinecraftServer/]: Can't keep up! Is the server overloaded? Running 50900ms or 1018 ticks behind
[11Aug2024 13:01:39.443] [Server thread/WARN] [net.minecraft.server.MinecraftServer/]: Can't keep up! Is the server overloaded? Running 37563ms or 751 ticks behind
[11Aug2024 13:02:45.380] [Server thread/WARN] [net.minecraft.server.MinecraftServer/]: Can't keep up! Is the server overloaded? Running 50950ms or 1019 ticks behind
[11Aug2024 13:03:37.656] [Server thread/WARN] [net.minecraft.server.MinecraftServer/]: Can't keep up! Is the server overloaded? Running 37274ms or 745 ticks behind
[11Aug2024 13:04:42.652] [Server thread/WARN] [net.minecraft.server.MinecraftServer/]: Can't keep up! Is the server overloaded? Running 50023ms or 1000 ticks behind
[11Aug2024 13:05:34.216] [Server thread/WARN] [net.minecraft.server.MinecraftServer/]: Can't keep up! Is the server overloaded? Running 36586ms or 731 ticks behind
[11Aug2024 13:06:38.935] [Server thread/WARN] [net.minecraft.server.MinecraftServer/]: Can't keep up! Is the server overloaded? Running 49755ms or 995 ticks behind
[11Aug2024 13:07:44.214] [Server thread/WARN] [net.minecraft.server.MinecraftServer/]: Can't keep up! Is the server overloaded? Running 50284ms or 1005 ticks behind
[11Aug2024 13:08:36.275] [Server thread/WARN] [net.minecraft.server.MinecraftServer/]: Can't keep up! Is the server overloaded? Running 37095ms or 741 ticks behind
[11Aug2024 13:09:41.132] [Server thread/WARN] [net.minecraft.server.MinecraftServer/]: Can't keep up! Is the server overloaded? Running 49902ms or 998 ticks behind
[11Aug2024 13:10:32.795] [Server thread/WARN] [net.minecraft.server.MinecraftServer/]: Can't keep up! Is the server overloaded? Running 36662ms or 733 ticks behind
[11Aug2024 13:11:38.036] [Server thread/WARN] [net.minecraft.server.MinecraftServer/]: Can't keep up! Is the server overloaded? Running 50256ms or 1005 ticks behind
[11Aug2024 13:12:29.753] [Server thread/WARN] [net.minecraft.server.MinecraftServer/]: Can't keep up! Is the server overloaded? Running 36723ms or 734 ticks behind
[11Aug2024 13:13:35.147] [Server thread/WARN] [net.minecraft.server.MinecraftServer/]: Can't keep up! Is the server overloaded? Running 50417ms or 1008 ticks behind
[11Aug2024 13:14:26.168] [Server thread/WARN] [net.minecraft.server.MinecraftServer/]: Can't keep up! Is the server overloaded? Running 36038ms or 720 ticks behind
[11Aug2024 13:15:31.074] [Server thread/WARN] [net.minecraft.server.MinecraftServer/]: Can't keep up! Is the server overloaded? Running 49944ms or 998 ticks behind
[11Aug2024 13:16:36.194] [Server thread/WARN] [net.minecraft.server.MinecraftServer/]: Can't keep up! Is the server overloaded? Running 50164ms or 1003 ticks behind
[11Aug2024 13:17:28.092] [Server thread/WARN] [net.minecraft.server.MinecraftServer/]: Can't keep up! Is the server overloaded? Running 36912ms or 738 ticks behind
[11Aug2024 13:18:33.615] [Server thread/WARN] [net.minecraft.server.MinecraftServer/]: Can't keep up! Is the server overloaded? Running 50535ms or 1010 ticks behind
[11Aug2024 13:19:25.277] [Server thread/WARN] [net.minecraft.server.MinecraftServer/]: Can't keep up! Is the server overloaded? Running 36697ms or 733 ticks behind
[11Aug2024 13:20:29.478] [Server thread/WARN] [net.minecraft.server.MinecraftServer/]: Can't keep up! Is the server overloaded? Running 49248ms or 984 ticks behind
[11Aug2024 13:21:34.991] [Server thread/WARN] [net.minecraft.server.MinecraftServer/]: Can't keep up! Is the server overloaded? Running 50561ms or 1011 ticks behind
[11Aug2024 13:22:26.691] [Server thread/WARN] [net.minecraft.server.MinecraftServer/]: Can't keep up! Is the server overloaded? Running 36711ms or 734 ticks behind
[11Aug2024 13:23:31.491] [Server thread/WARN] [net.minecraft.server.MinecraftServer/]: Can't keep up! Is the server overloaded? Running 49811ms or 996 ticks behind
[11Aug2024 13:24:36.898] [Server thread/WARN] [net.minecraft.server.MinecraftServer/]: Can't keep up! Is the server overloaded? Running 50419ms or 1008 ticks behind
[11Aug2024 13:25:28.352] [Server thread/WARN] [net.minecraft.server.MinecraftServer/]: Can't keep up! Is the server overloaded? Running 36472ms or 729 ticks behind
[11Aug2024 13:26:33.521] [Server thread/WARN] [net.minecraft.server.MinecraftServer/]: Can't keep up! Is the server overloaded? Running 50191ms or 1003 ticks behind
[11Aug2024 13:27:39.138] [Server thread/WARN] [net.minecraft.server.MinecraftServer/]: Can't keep up! Is the server overloaded? Running 50659ms or 1013 ticks behind
[11Aug2024 13:28:30.961] [Server thread/WARN] [net.minecraft.server.MinecraftServer/]: Can't keep up! Is the server overloaded? Running 36831ms or 736 ticks behind
[11Aug2024 13:29:35.536] [Server thread/WARN] [net.minecraft.server.MinecraftServer/]: Can't keep up! Is the server overloaded? Running 49607ms or 992 ticks behind
[11Aug2024 13:30:41.298] [Server thread/WARN] [net.minecraft.server.MinecraftServer/]: Can't keep up! Is the server overloaded? Running 50768ms or 1015 ticks behind
[11Aug2024 13:31:32.929] [Server thread/WARN] [net.minecraft.server.MinecraftServer/]: Can't keep up! Is the server overloaded? Running 36649ms or 732 ticks behind
[11Aug2024 13:32:38.116] [Server thread/WARN] [net.minecraft.server.MinecraftServer/]: Can't keep up! Is the server overloaded? Running 50236ms or 1004 ticks behind
[11Aug2024 13:33:44.531] [Server thread/WARN] [net.minecraft.server.MinecraftServer/]: Can't keep up! Is the server overloaded? Running 51451ms or 1029 ticks behind
[11Aug2024 13:34:36.883] [Server thread/WARN] [net.minecraft.server.MinecraftServer/]: Can't keep up! Is the server overloaded? Running 37353ms or 747 ticks behind
[11Aug2024 13:35:42.318] [Server thread/WARN] [net.minecraft.server.MinecraftServer/]: Can't keep up! Is the server overloaded? Running 50438ms or 1008 ticks behind
[11Aug2024 13:36:48.412] [Server thread/WARN] [net.minecraft.server.MinecraftServer/]: Can't keep up! Is the server overloaded? Running 51132ms or 1022 ticks behind
[11Aug2024 13:37:54.367] [Server thread/WARN] [net.minecraft.server.MinecraftServer/]: Can't keep up! Is the server overloaded? Running 50987ms or 1019 ticks behind
[11Aug2024 13:39:01.768] [Server thread/WARN] [net.minecraft.server.MinecraftServer/]: Can't keep up! Is the server overloaded? Running 52438ms or 1048 ticks behind
[11Aug2024 13:39:54.272] [Server thread/WARN] [net.minecraft.server.MinecraftServer/]: Can't keep up! Is the server overloaded? Running 37543ms or 750 ticks behind
[11Aug2024 13:40:59.755] [Server thread/WARN] [net.minecraft.server.MinecraftServer/]: Can't keep up! Is the server overloaded? Running 50525ms or 1010 ticks behind
[11Aug2024 13:41:48.917] [spark-async-sampler-worker-thread/WARN] [spark/]: Timed out waiting for world statistics
[11Aug2024 13:42:06.073] [Server thread/WARN] [net.minecraft.server.MinecraftServer/]: Can't keep up! Is the server overloaded? Running 51344ms or 1026 ticks behind
[11Aug2024 13:43:12.739] [Server thread/WARN] [net.minecraft.server.MinecraftServer/]: Can't keep up! Is the server overloaded? Running 51709ms or 1034 ticks behind
[11Aug2024 13:44:19.810] [Server thread/WARN] [net.minecraft.server.MinecraftServer/]: Can't keep up! Is the server overloaded? Running 52080ms or 1041 ticks behind
[11Aug2024 13:45:12.139] [Server thread/WARN] [net.minecraft.server.MinecraftServer/]: Can't keep up! Is the server overloaded? Running 37359ms or 747 ticks behind
[11Aug2024 13:46:17.738] [Server thread/WARN] [net.minecraft.server.MinecraftServer/]: Can't keep up! Is the server overloaded? Running 50609ms or 1012 ticks behind
[11Aug2024 13:47:23.256] [Server thread/WARN] [net.minecraft.server.MinecraftServer/]: Can't keep up! Is the server overloaded? Running 50526ms or 1010 ticks behind
[11Aug2024 13:48:28.387] [Server thread/WARN] [net.minecraft.server.MinecraftServer/]: Can't keep up! Is the server overloaded? Running 50158ms or 1003 ticks behind
[11Aug2024 13:49:33.972] [Server thread/WARN] [net.minecraft.server.MinecraftServer/]: Can't keep up! Is the server overloaded? Running 50592ms or 1011 ticks behind
[11Aug2024 13:50:39.855] [Server thread/WARN] [net.minecraft.server.MinecraftServer/]: Can't keep up! Is the server overloaded? Running 50925ms or 1018 ticks behind
[11Aug2024 13:51:46.134] [Server thread/WARN] [net.minecraft.server.MinecraftServer/]: Can't keep up! Is the server overloaded? Running 51304ms or 1026 ticks behind
[11Aug2024 13:52:53.216] [Server thread/WARN] [net.minecraft.server.MinecraftServer/]: Can't keep up! Is the server overloaded? Running 52086ms or 1041 ticks behind
[11Aug2024 13:53:46.348] [Server thread/WARN] [net.minecraft.server.MinecraftServer/]: Can't keep up! Is the server overloaded? Running 38169ms or 763 ticks behind
[11Aug2024 13:54:51.915] [Server thread/WARN] [net.minecraft.server.MinecraftServer/]: Can't keep up! Is the server overloaded? Running 50585ms or 1011 ticks behind
[11Aug2024 13:55:58.062] [Server thread/WARN] [net.minecraft.server.MinecraftServer/]: Can't keep up! Is the server overloaded? Running 51182ms or 1023 ticks behind
[11Aug2024 13:57:04.885] [Server thread/WARN] [net.minecraft.server.MinecraftServer/]: Can't keep up! Is the server overloaded? Running 51856ms or 1037 ticks behind
[11Aug2024 13:58:11.896] [Server thread/WARN] [net.minecraft.server.MinecraftServer/]: Can't keep up! Is the server overloaded? Running 52016ms or 1040 ticks behind
[11Aug2024 13:59:18.689] [Server thread/WARN] [net.minecraft.server.MinecraftServer/]: Can't keep up! Is the server overloaded? Running 51809ms or 1036 ticks behind
[11Aug2024 14:00:26.211] [Server thread/WARN] [net.minecraft.server.MinecraftServer/]: Can't keep up! Is the server overloaded? Running 52531ms or 1050 ticks behind
[11Aug2024 14:01:18.592] [Server thread/WARN] [net.minecraft.server.MinecraftServer/]: Can't keep up! Is the server overloaded? Running 37413ms or 748 ticks behind
[11Aug2024 14:02:24.064] [Server thread/WARN] [net.minecraft.server.MinecraftServer/]: Can't keep up! Is the server overloaded? Running 50484ms or 1009 ticks behind
[11Aug2024 14:03:29.048] [Server thread/WARN] [net.minecraft.server.MinecraftServer/]: Can't keep up! Is the server overloaded? Running 50018ms or 1000 ticks behind
[11Aug2024 14:04:34.972] [Server thread/WARN] [net.minecraft.server.MinecraftServer/]: Can't keep up! Is the server overloaded? Running 50942ms or 1018 ticks behind
[11Aug2024 14:05:55.297] [Server thread/WARN] [net.minecraft.server.MinecraftServer/]: Can't keep up! Is the server overloaded? Running 65367ms or 1307 ticks behind
[11Aug2024 14:05:55.302] [Server Watchdog/ERROR] [net.minecraft.server.dedicated.ServerWatchdog/FATAL]: A single server tick took 65.36 seconds (should be max 0.05)
[11Aug2024 14:05:55.305] [Server Watchdog/ERROR] [net.minecraft.server.dedicated.ServerWatchdog/FATAL]: Considering it to be crashed, server will forcibly shutdown.
[11Aug2024 14:05:58.663] [Server Watchdog/FATAL] [net.minecraftforge.common.ForgeMod/]: Preparing crash report with UUID 6b3d23ac-842f-4485-bcdc-e6056b014d64
[11Aug2024 14:05:58.730] [Server Watchdog/FATAL] [net.minecraftforge.common.ForgeMod/]: Preparing crash report with UUID 333e0a2b-9666-432c-93be-ec377981ad45
[11Aug2024 14:05:58.731] [Server Watchdog/ERROR] [net.minecraft.server.dedicated.ServerWatchdog/]: This crash report has been saved to: /home/ubuntu/BetterMinecraft/./crash-reports/crash-2024-08-11_14.05.58-server.txt
[11Aug2024 14:05:58.896] [Server thread/INFO] [net.minecraft.server.MinecraftServer/]: Stopping server
[11Aug2024 14:05:58.901] [Server thread/INFO] [net.minecraft.server.MinecraftServer/]: Saving players
[11Aug2024 14:05:58.961] [Server thread/INFO] [net.minecraft.server.network.ServerGamePacketListenerImpl/]: SpacySlinky1 lost connection: Disconnected
[11Aug2024 14:05:58.961] [Server thread/INFO] [net.minecraft.server.MinecraftServer/]: SpacySlinky1 left the game
[11Aug2024 14:05:58.963] [Server thread/INFO] [xaero.pac.OpenPartiesAndClaims/]: Updating all forceload tickets for 4e371419-bee4-3dd8-9c40-215507159f3f
[11Aug2024 14:05:58.994] [Server thread/INFO] [net.minecraft.server.MinecraftServer/]: Saving worlds
[11Aug2024 14:05:59.231] [Server thread/INFO] [net.minecraft.server.MinecraftServer/]: Saving chunks for level 'ServerLevel[world]'/minecraft:overworld
[11Aug2024 14:05:59.417] [Server thread/INFO] [net.minecraft.server.MinecraftServer/]: Saving chunks for level 'ServerLevel[world]'/blue_skies:everdawn
[11Aug2024 14:05:59.419] [Server thread/INFO] [net.minecraft.server.MinecraftServer/]: Saving chunks for level 'ServerLevel[world]'/aether:the_aether
[11Aug2024 14:05:59.422] [Server thread/INFO] [net.minecraft.server.MinecraftServer/]: Saving chunks for level 'ServerLevel[world]'/twilightforest:twilight_forest
[11Aug2024 14:05:59.425] [Server thread/INFO] [net.minecraft.server.MinecraftServer/]: Saving chunks for level 'ServerLevel[world]'/minecraft:the_nether
[11Aug2024 14:05:59.426] [Server thread/INFO] [net.minecraft.server.MinecraftServer/]: Saving chunks for level 'ServerLevel[world]'/blue_skies:everbright
[11Aug2024 14:05:59.428] [Server thread/INFO] [net.minecraft.server.MinecraftServer/]: Saving chunks for level 'ServerLevel[world]'/minecraft:the_end
[11Aug2024 14:05:59.431] [Server thread/INFO] [net.minecraft.server.MinecraftServer/]: Saving chunks for level 'ServerLevel[world]'/deeperdarker:otherside
[11Aug2024 14:05:59.646] [Server thread/INFO] [net.minecraft.server.MinecraftServer/]: ThreadedAnvilChunkStorage (world): All chunks are saved
[11Aug2024 14:05:59.646] [Server thread/INFO] [net.minecraft.server.MinecraftServer/]: ThreadedAnvilChunkStorage (everdawn): All chunks are saved
[11Aug2024 14:05:59.646] [Server thread/INFO] [net.minecraft.server.MinecraftServer/]: ThreadedAnvilChunkStorage (the_aether): All chunks are saved
[11Aug2024 14:05:59.646] [Server thread/INFO] [net.minecraft.server.MinecraftServer/]: ThreadedAnvilChunkStorage (twilight_forest): All chunks are saved
[11Aug2024 14:05:59.647] [Server thread/INFO] [net.minecraft.server.MinecraftServer/]: ThreadedAnvilChunkStorage (DIM-1): All chunks are saved
[11Aug2024 14:05:59.647] [Server thread/INFO] [net.minecraft.server.MinecraftServer/]: ThreadedAnvilChunkStorage (everbright): All chunks are saved
[11Aug2024 14:05:59.647] [Server thread/INFO] [net.minecraft.server.MinecraftServer/]: ThreadedAnvilChunkStorage (DIM1): All chunks are saved
[11Aug2024 14:05:59.647] [Server thread/INFO] [net.minecraft.server.MinecraftServer/]: ThreadedAnvilChunkStorage (otherside): All chunks are saved
[11Aug2024 14:05:59.647] [Server thread/INFO] [net.minecraft.server.MinecraftServer/]: ThreadedAnvilChunkStorage: All dimensions are saved
[11Aug2024 14:06:00.453] [Server thread/INFO] [xaero.pac.OpenPartiesAndClaims/]: Stopping IO worker...
[11Aug2024 14:06:00.455] [Server thread/INFO] [xaero.pac.OpenPartiesAndClaims/]: Stopped IO worker!
[11Aug2024 14:06:00.460] [Server thread/INFO] [Framework/]: Unloading server configs...
[11Aug2024 14:06:00.462] [Server thread/INFO] [Framework/]: Sending config unload event for backpacked.server.toml
[11Aug2024 14:06:00.463] [Server thread/INFO] [Framework/]: Sending config unload event for goblintraders-entities.toml
